[35.454s] DEBUG:colcon:Command line arguments: ['/usr/bin/colcon', 'build', '--packages-select', 'miniretoS7']
[35.455s] DEBUG:colcon:Parsed command line arguments: Namespace(allow_overriding=[], ament_cmake_args=None, base_paths=['.'], build_base='build', catkin_cmake_args=None, catkin_skip_building_tests=False, cmake_args=None, cmake_clean_cache=False, cmake_clean_first=False, cmake_force_configure=False, cmake_target=None, cmake_target_skip_unavailable=False, continue_on_error=False, event_handlers=None, executor='parallel', ignore_user_meta=False, install_base='install', log_base=None, log_level=None, main=<bound method BuildVerb.main of <colcon_core.verb.build.BuildVerb object at 0x7f7dabecd0>>, merge_install=False, metas=['./colcon.meta'], packages_above=None, packages_above_and_dependencies=None, packages_above_depth=None, packages_end=None, packages_ignore=None, packages_ignore_regex=None, packages_select=['miniretoS7'], packages_select_build_failed=False, packages_select_by_dep=None, packages_select_regex=None, packages_select_test_failures=False, packages_skip=None, packages_skip_build_finished=False, packages_skip_by_dep=None, packages_skip_regex=None, packages_skip_test_passed=False, packages_skip_up_to=None, packages_start=None, packages_up_to=None, packages_up_to_regex=None, parallel_workers=2, paths=None, symlink_install=False, test_result_base=None, verb_extension=<colcon_core.verb.build.BuildVerb object at 0x7f7dabecd0>, verb_name='build', verb_parser=<colcon_defaults.argument_parser.defaults.DefaultArgumentsDecorator object at 0x7f7dad44f0>)
[37.534s] Level 1:colcon.colcon_core.package_discovery:discover_packages(colcon_meta) check parameters
[37.535s] Level 1:colcon.colcon_core.package_discovery:discover_packages(recursive) check parameters
[37.535s] Level 1:colcon.colcon_core.package_discovery:discover_packages(ignore) check parameters
[37.535s] Level 1:colcon.colcon_core.package_discovery:discover_packages(path) check parameters
[37.535s] Level 1:colcon.colcon_core.package_discovery:discover_packages(colcon_meta) discover
[37.548s] Level 1:colcon.colcon_core.package_discovery:discover_packages(recursive) discover
[37.548s] INFO:colcon.colcon_core.package_discovery:Crawling recursively for packages in '/home/puzzlebot/ros2_ws/src/miniretoS7/miniretoS7'
[37.549s] Level 1:colcon.colcon_core.package_identification:_identify(.) by extensions ['ignore', 'ignore_ament_install']
[37.550s] Level 1:colcon.colcon_core.package_identification:_identify(.) by extension 'ignore'
[37.550s] Level 1:colcon.colcon_core.package_identification:_identify(.) by extension 'ignore_ament_install'
[37.551s] Level 1:colcon.colcon_core.package_identification:_identify(.) by extensions ['colcon_pkg']
[37.551s] Level 1:colcon.colcon_core.package_identification:_identify(.) by extension 'colcon_pkg'
[37.551s] Level 1:colcon.colcon_core.package_identification:_identify(.) by extensions ['colcon_meta']
[37.552s] Level 1:colcon.colcon_core.package_identification:_identify(.) by extension 'colcon_meta'
[37.560s] Level 1:colcon.colcon_core.package_identification:_identify(.) by extensions ['ros']
[37.564s] Level 1:colcon.colcon_core.package_identification:_identify(.) by extension 'ros'
[37.860s] Level 1:colcon.colcon_core.package_identification:_identify(.) by extensions ['cmake', 'python']
[37.865s] Level 1:colcon.colcon_core.package_identification:_identify(.) by extension 'cmake'
[37.865s] Level 1:colcon.colcon_core.package_identification:_identify(.) by extension 'python'
[37.866s] Level 1:colcon.colcon_core.package_identification:_identify(.) by extensions ['python_setup_py']
[37.866s] Level 1:colcon.colcon_core.package_identification:_identify(.) by extension 'python_setup_py'
[37.870s] Level 1:colcon.colcon_core.package_identification:_identify(build) by extensions ['ignore', 'ignore_ament_install']
[37.871s] Level 1:colcon.colcon_core.package_identification:_identify(build) by extension 'ignore'
[37.876s] Level 1:colcon.colcon_core.package_identification:_identify(build) ignored
[37.878s] Level 1:colcon.colcon_core.package_identification:_identify(install) by extensions ['ignore', 'ignore_ament_install']
[37.879s] Level 1:colcon.colcon_core.package_identification:_identify(install) by extension 'ignore'
[37.879s] Level 1:colcon.colcon_core.package_identification:_identify(install) ignored
[37.881s] Level 1:colcon.colcon_core.package_identification:_identify(log) by extensions ['ignore', 'ignore_ament_install']
[37.889s] Level 1:colcon.colcon_core.package_identification:_identify(log) by extension 'ignore'
[37.890s] Level 1:colcon.colcon_core.package_identification:_identify(log) ignored
[37.890s] Level 1:colcon.colcon_core.package_discovery:discover_packages(recursive) using defaults
[37.891s] Level 1:colcon.colcon_core.package_discovery:discover_packages(ignore) discover
[37.891s] Level 1:colcon.colcon_core.package_discovery:discover_packages(ignore) using defaults
[37.891s] Level 1:colcon.colcon_core.package_discovery:discover_packages(path) discover
[37.891s] Level 1:colcon.colcon_core.package_discovery:discover_packages(path) using defaults
[38.982s] WARNING:colcon.colcon_core.package_selection:ignoring unknown package 'miniretoS7' in --packages-select
[42.878s] Level 1:colcon.colcon_core.package_discovery:discover_packages(prefix_path) check parameters
[42.879s] Level 1:colcon.colcon_core.package_discovery:discover_packages(prefix_path) discover
[44.585s] DEBUG:colcon.colcon_installed_package_information.package_discovery:Found 7 installed packages in /home/puzzlebot/ros2_ws/install
[45.280s] DEBUG:colcon.colcon_installed_package_information.package_discovery:Found 5 installed packages in /home/puzzlebot/ros2_packages_ws/install
[46.069s] DEBUG:colcon.colcon_installed_package_information.package_discovery:Found 276 installed packages in /opt/ros/humble
[46.100s] Level 1:colcon.colcon_core.package_discovery:discover_packages(prefix_path) using defaults
[49.754s] INFO:colcon.colcon_core.executor:Executing jobs using 'parallel' executor
[50.524s] DEBUG:colcon.colcon_parallel_executor.executor.parallel:run_until_complete
[50.524s] DEBUG:colcon.colcon_parallel_executor.executor.parallel:closing loop
[50.525s] DEBUG:colcon.colcon_parallel_executor.executor.parallel:loop closed
[50.525s] DEBUG:colcon.colcon_parallel_executor.executor.parallel:run_until_complete finished with '0'
[50.525s] DEBUG:colcon.colcon_core.event_reactor:joining thread
[51.611s] INFO:colcon.colcon_core.plugin_system:Skipping extension 'colcon_notification.desktop_notification.terminal_notifier': Not used on non-Darwin systems
[51.612s] INFO:colcon.colcon_core.plugin_system:Skipping extension 'colcon_notification.desktop_notification.win32': Not used on non-Windows systems
[51.612s] INFO:colcon.colcon_notification.desktop_notification:Sending desktop notification using 'notify2'
[52.903s] DEBUG:colcon.colcon_core.event_reactor:joined thread
[54.344s] INFO:colcon.colcon_core.plugin_system:Skipping extension 'colcon_core.shell.bat': Not used on non-Windows systems
[54.346s] INFO:colcon.colcon_core.shell:Creating prefix script '/home/puzzlebot/ros2_ws/src/miniretoS7/miniretoS7/install/local_setup.ps1'
[54.365s] INFO:colcon.colcon_core.shell:Creating prefix util module '/home/puzzlebot/ros2_ws/src/miniretoS7/miniretoS7/install/_local_setup_util_ps1.py'
[54.409s] INFO:colcon.colcon_core.shell:Creating prefix chain script '/home/puzzlebot/ros2_ws/src/miniretoS7/miniretoS7/install/setup.ps1'
[55.321s] INFO:colcon.colcon_core.shell:Creating prefix script '/home/puzzlebot/ros2_ws/src/miniretoS7/miniretoS7/install/local_setup.sh'
[55.335s] INFO:colcon.colcon_core.shell:Creating prefix util module '/home/puzzlebot/ros2_ws/src/miniretoS7/miniretoS7/install/_local_setup_util_sh.py'
[55.340s] INFO:colcon.colcon_core.shell:Creating prefix chain script '/home/puzzlebot/ros2_ws/src/miniretoS7/miniretoS7/install/setup.sh'
[56.400s] INFO:colcon.colcon_core.shell:Creating prefix script '/home/puzzlebot/ros2_ws/src/miniretoS7/miniretoS7/install/local_setup.bash'
[56.439s] INFO:colcon.colcon_core.shell:Creating prefix chain script '/home/puzzlebot/ros2_ws/src/miniretoS7/miniretoS7/install/setup.bash'
[57.238s] INFO:colcon.colcon_core.shell:Creating prefix script '/home/puzzlebot/ros2_ws/src/miniretoS7/miniretoS7/install/local_setup.zsh'
[57.245s] INFO:colcon.colcon_core.shell:Creating prefix chain script '/home/puzzlebot/ros2_ws/src/miniretoS7/miniretoS7/install/setup.zsh'
