[12.803s] DEBUG:colcon:Command line arguments: ['/usr/bin/colcon', 'build', '--packages-select', 'miniretoS8']
[12.803s] DEBUG:colcon:Parsed command line arguments: Namespace(allow_overriding=[], ament_cmake_args=None, base_paths=['.'], build_base='build', catkin_cmake_args=None, catkin_skip_building_tests=False, cmake_args=None, cmake_clean_cache=False, cmake_clean_first=False, cmake_force_configure=False, cmake_target=None, cmake_target_skip_unavailable=False, continue_on_error=False, event_handlers=None, executor='parallel', ignore_user_meta=False, install_base='install', log_base=None, log_level=None, main=<bound method BuildVerb.main of <colcon_core.verb.build.BuildVerb object at 0x7f9ef2fc40>>, merge_install=False, metas=['./colcon.meta'], packages_above=None, packages_above_and_dependencies=None, packages_above_depth=None, packages_end=None, packages_ignore=None, packages_ignore_regex=None, packages_select=['miniretoS8'], packages_select_build_failed=False, packages_select_by_dep=None, packages_select_regex=None, packages_select_test_failures=False, packages_skip=None, packages_skip_build_finished=False, packages_skip_by_dep=None, packages_skip_regex=None, packages_skip_test_passed=False, packages_skip_up_to=None, packages_start=None, packages_up_to=None, packages_up_to_regex=None, parallel_workers=4, paths=None, symlink_install=False, test_result_base=None, verb_extension=<colcon_core.verb.build.BuildVerb object at 0x7f9ef2fc40>, verb_name='build', verb_parser=<colcon_defaults.argument_parser.defaults.DefaultArgumentsDecorator object at 0x7f9eb32370>)
[13.715s] Level 1:colcon.colcon_core.package_discovery:discover_packages(colcon_meta) check parameters
[13.716s] Level 1:colcon.colcon_core.package_discovery:discover_packages(recursive) check parameters
[13.716s] Level 1:colcon.colcon_core.package_discovery:discover_packages(ignore) check parameters
[13.716s] Level 1:colcon.colcon_core.package_discovery:discover_packages(path) check parameters
[13.716s] Level 1:colcon.colcon_core.package_discovery:discover_packages(colcon_meta) discover
[13.717s] Level 1:colcon.colcon_core.package_discovery:discover_packages(recursive) discover
[13.717s] INFO:colcon.colcon_core.package_discovery:Crawling recursively for packages in '/home/puzzlebot/ros2_ws/src'
[13.718s] Level 1:colcon.colcon_core.package_identification:_identify(.) by extensions ['ignore', 'ignore_ament_install']
[13.718s] Level 1:colcon.colcon_core.package_identification:_identify(.) by extension 'ignore'
[13.718s] Level 1:colcon.colcon_core.package_identification:_identify(.) by extension 'ignore_ament_install'
[13.719s] Level 1:colcon.colcon_core.package_identification:_identify(.) by extensions ['colcon_pkg']
[13.719s] Level 1:colcon.colcon_core.package_identification:_identify(.) by extension 'colcon_pkg'
[13.719s] Level 1:colcon.colcon_core.package_identification:_identify(.) by extensions ['colcon_meta']
[13.720s] Level 1:colcon.colcon_core.package_identification:_identify(.) by extension 'colcon_meta'
[13.720s] Level 1:colcon.colcon_core.package_identification:_identify(.) by extensions ['ros']
[13.720s] Level 1:colcon.colcon_core.package_identification:_identify(.) by extension 'ros'
[13.781s] Level 1:colcon.colcon_core.package_identification:_identify(.) by extensions ['cmake', 'python']
[13.781s] Level 1:colcon.colcon_core.package_identification:_identify(.) by extension 'cmake'
[13.782s] Level 1:colcon.colcon_core.package_identification:_identify(.) by extension 'python'
[13.782s] Level 1:colcon.colcon_core.package_identification:_identify(.) by extensions ['python_setup_py']
[13.783s] Level 1:colcon.colcon_core.package_identification:_identify(.) by extension 'python_setup_py'
[13.783s] Level 1:colcon.colcon_core.package_identification:_identify(build) by extensions ['ignore', 'ignore_ament_install']
[13.784s] Level 1:colcon.colcon_core.package_identification:_identify(build) by extension 'ignore'
[13.784s] Level 1:colcon.colcon_core.package_identification:_identify(build) ignored
[13.785s] Level 1:colcon.colcon_core.package_identification:_identify(capturafotos) by extensions ['ignore', 'ignore_ament_install']
[13.786s] Level 1:colcon.colcon_core.package_identification:_identify(capturafotos) by extension 'ignore'
[13.786s] Level 1:colcon.colcon_core.package_identification:_identify(capturafotos) by extension 'ignore_ament_install'
[13.787s] Level 1:colcon.colcon_core.package_identification:_identify(capturafotos) by extensions ['colcon_pkg']
[13.787s] Level 1:colcon.colcon_core.package_identification:_identify(capturafotos) by extension 'colcon_pkg'
[13.788s] Level 1:colcon.colcon_core.package_identification:_identify(capturafotos) by extensions ['colcon_meta']
[13.788s] Level 1:colcon.colcon_core.package_identification:_identify(capturafotos) by extension 'colcon_meta'
[13.788s] Level 1:colcon.colcon_core.package_identification:_identify(capturafotos) by extensions ['ros']
[13.789s] Level 1:colcon.colcon_core.package_identification:_identify(capturafotos) by extension 'ros'
[13.789s] Level 1:colcon.colcon_core.package_identification:_identify(capturafotos) by extensions ['cmake', 'python']
[13.790s] Level 1:colcon.colcon_core.package_identification:_identify(capturafotos) by extension 'cmake'
[13.790s] Level 1:colcon.colcon_core.package_identification:_identify(capturafotos) by extension 'python'
[13.791s] Level 1:colcon.colcon_core.package_identification:_identify(capturafotos) by extensions ['python_setup_py']
[13.791s] Level 1:colcon.colcon_core.package_identification:_identify(capturafotos) by extension 'python_setup_py'
[13.792s] Level 1:colcon.colcon_core.package_identification:_identify(capturafotos/tomas) by extensions ['ignore', 'ignore_ament_install']
[13.793s] Level 1:colcon.colcon_core.package_identification:_identify(capturafotos/tomas) by extension 'ignore'
[13.793s] Level 1:colcon.colcon_core.package_identification:_identify(capturafotos/tomas) by extension 'ignore_ament_install'
[13.794s] Level 1:colcon.colcon_core.package_identification:_identify(capturafotos/tomas) by extensions ['colcon_pkg']
[13.794s] Level 1:colcon.colcon_core.package_identification:_identify(capturafotos/tomas) by extension 'colcon_pkg'
[13.794s] Level 1:colcon.colcon_core.package_identification:_identify(capturafotos/tomas) by extensions ['colcon_meta']
[13.795s] Level 1:colcon.colcon_core.package_identification:_identify(capturafotos/tomas) by extension 'colcon_meta'
[13.795s] Level 1:colcon.colcon_core.package_identification:_identify(capturafotos/tomas) by extensions ['ros']
[13.795s] Level 1:colcon.colcon_core.package_identification:_identify(capturafotos/tomas) by extension 'ros'
[13.796s] Level 1:colcon.colcon_core.package_identification:_identify(capturafotos/tomas) by extensions ['cmake', 'python']
[13.796s] Level 1:colcon.colcon_core.package_identification:_identify(capturafotos/tomas) by extension 'cmake'
[13.796s] Level 1:colcon.colcon_core.package_identification:_identify(capturafotos/tomas) by extension 'python'
[13.797s] Level 1:colcon.colcon_core.package_identification:_identify(capturafotos/tomas) by extensions ['python_setup_py']
[13.797s] Level 1:colcon.colcon_core.package_identification:_identify(capturafotos/tomas) by extension 'python_setup_py'
[13.798s] Level 1:colcon.colcon_core.package_identification:_identify(grabacionpista) by extensions ['ignore', 'ignore_ament_install']
[13.798s] Level 1:colcon.colcon_core.package_identification:_identify(grabacionpista) by extension 'ignore'
[13.799s] Level 1:colcon.colcon_core.package_identification:_identify(grabacionpista) by extension 'ignore_ament_install'
[13.799s] Level 1:colcon.colcon_core.package_identification:_identify(grabacionpista) by extensions ['colcon_pkg']
[13.799s] Level 1:colcon.colcon_core.package_identification:_identify(grabacionpista) by extension 'colcon_pkg'
[13.800s] Level 1:colcon.colcon_core.package_identification:_identify(grabacionpista) by extensions ['colcon_meta']
[13.800s] Level 1:colcon.colcon_core.package_identification:_identify(grabacionpista) by extension 'colcon_meta'
[13.800s] Level 1:colcon.colcon_core.package_identification:_identify(grabacionpista) by extensions ['ros']
[13.801s] Level 1:colcon.colcon_core.package_identification:_identify(grabacionpista) by extension 'ros'
[13.827s] DEBUG:colcon.colcon_core.package_identification:Package 'grabacionpista' with type 'ros.ament_python' and name 'grabacionpista'
[13.827s] Level 1:colcon.colcon_core.package_identification:_identify(install) by extensions ['ignore', 'ignore_ament_install']
[13.828s] Level 1:colcon.colcon_core.package_identification:_identify(install) by extension 'ignore'
[13.828s] Level 1:colcon.colcon_core.package_identification:_identify(install) ignored
[13.829s] Level 1:colcon.colcon_core.package_identification:_identify(log) by extensions ['ignore', 'ignore_ament_install']
[13.829s] Level 1:colcon.colcon_core.package_identification:_identify(log) by extension 'ignore'
[13.829s] Level 1:colcon.colcon_core.package_identification:_identify(log) ignored
[13.830s] Level 1:colcon.colcon_core.package_identification:_identify(minireto3) by extensions ['ignore', 'ignore_ament_install']
[13.830s] Level 1:colcon.colcon_core.package_identification:_identify(minireto3) by extension 'ignore'
[13.830s] Level 1:colcon.colcon_core.package_identification:_identify(minireto3) by extension 'ignore_ament_install'
[13.830s] Level 1:colcon.colcon_core.package_identification:_identify(minireto3) by extensions ['colcon_pkg']
[13.831s] Level 1:colcon.colcon_core.package_identification:_identify(minireto3) by extension 'colcon_pkg'
[13.831s] Level 1:colcon.colcon_core.package_identification:_identify(minireto3) by extensions ['colcon_meta']
[13.831s] Level 1:colcon.colcon_core.package_identification:_identify(minireto3) by extension 'colcon_meta'
[13.831s] Level 1:colcon.colcon_core.package_identification:_identify(minireto3) by extensions ['ros']
[13.831s] Level 1:colcon.colcon_core.package_identification:_identify(minireto3) by extension 'ros'
[13.834s] DEBUG:colcon.colcon_core.package_identification:Package 'minireto3' with type 'ros.ament_python' and name 'minireto3'
[13.834s] Level 1:colcon.colcon_core.package_identification:_identify(minireto4) by extensions ['ignore', 'ignore_ament_install']
[13.835s] Level 1:colcon.colcon_core.package_identification:_identify(minireto4) by extension 'ignore'
[13.835s] Level 1:colcon.colcon_core.package_identification:_identify(minireto4) by extension 'ignore_ament_install'
[13.835s] Level 1:colcon.colcon_core.package_identification:_identify(minireto4) by extensions ['colcon_pkg']
[13.835s] Level 1:colcon.colcon_core.package_identification:_identify(minireto4) by extension 'colcon_pkg'
[13.836s] Level 1:colcon.colcon_core.package_identification:_identify(minireto4) by extensions ['colcon_meta']
[13.836s] Level 1:colcon.colcon_core.package_identification:_identify(minireto4) by extension 'colcon_meta'
[13.836s] Level 1:colcon.colcon_core.package_identification:_identify(minireto4) by extensions ['ros']
[13.836s] Level 1:colcon.colcon_core.package_identification:_identify(minireto4) by extension 'ros'
[13.838s] DEBUG:colcon.colcon_core.package_identification:Package 'minireto4' with type 'ros.ament_python' and name 'minireto4'
[13.839s] Level 1:colcon.colcon_core.package_identification:_identify(miniretoS6) by extensions ['ignore', 'ignore_ament_install']
[13.839s] Level 1:colcon.colcon_core.package_identification:_identify(miniretoS6) by extension 'ignore'
[13.839s] Level 1:colcon.colcon_core.package_identification:_identify(miniretoS6) by extension 'ignore_ament_install'
[13.840s] Level 1:colcon.colcon_core.package_identification:_identify(miniretoS6) by extensions ['colcon_pkg']
[13.840s] Level 1:colcon.colcon_core.package_identification:_identify(miniretoS6) by extension 'colcon_pkg'
[13.840s] Level 1:colcon.colcon_core.package_identification:_identify(miniretoS6) by extensions ['colcon_meta']
[13.840s] Level 1:colcon.colcon_core.package_identification:_identify(miniretoS6) by extension 'colcon_meta'
[13.840s] Level 1:colcon.colcon_core.package_identification:_identify(miniretoS6) by extensions ['ros']
[13.840s] Level 1:colcon.colcon_core.package_identification:_identify(miniretoS6) by extension 'ros'
[13.842s] DEBUG:colcon.colcon_core.package_identification:Package 'miniretoS6' with type 'ros.ament_python' and name 'miniretoS6'
[13.843s] Level 1:colcon.colcon_core.package_identification:_identify(miniretoS7) by extensions ['ignore', 'ignore_ament_install']
[13.843s] Level 1:colcon.colcon_core.package_identification:_identify(miniretoS7) by extension 'ignore'
[13.843s] Level 1:colcon.colcon_core.package_identification:_identify(miniretoS7) by extension 'ignore_ament_install'
[13.844s] Level 1:colcon.colcon_core.package_identification:_identify(miniretoS7) by extensions ['colcon_pkg']
[13.844s] Level 1:colcon.colcon_core.package_identification:_identify(miniretoS7) by extension 'colcon_pkg'
[13.844s] Level 1:colcon.colcon_core.package_identification:_identify(miniretoS7) by extensions ['colcon_meta']
[13.844s] Level 1:colcon.colcon_core.package_identification:_identify(miniretoS7) by extension 'colcon_meta'
[13.844s] Level 1:colcon.colcon_core.package_identification:_identify(miniretoS7) by extensions ['ros']
[13.844s] Level 1:colcon.colcon_core.package_identification:_identify(miniretoS7) by extension 'ros'
[13.848s] DEBUG:colcon.colcon_core.package_identification:Package 'miniretoS7' with type 'ros.ament_python' and name 'miniretoS7'
[13.848s] Level 1:colcon.colcon_core.package_identification:_identify(miniretoS8) by extensions ['ignore', 'ignore_ament_install']
[13.849s] Level 1:colcon.colcon_core.package_identification:_identify(miniretoS8) by extension 'ignore'
[13.849s] Level 1:colcon.colcon_core.package_identification:_identify(miniretoS8) by extension 'ignore_ament_install'
[13.849s] Level 1:colcon.colcon_core.package_identification:_identify(miniretoS8) by extensions ['colcon_pkg']
[13.849s] Level 1:colcon.colcon_core.package_identification:_identify(miniretoS8) by extension 'colcon_pkg'
[13.849s] Level 1:colcon.colcon_core.package_identification:_identify(miniretoS8) by extensions ['colcon_meta']
[13.850s] Level 1:colcon.colcon_core.package_identification:_identify(miniretoS8) by extension 'colcon_meta'
[13.850s] Level 1:colcon.colcon_core.package_identification:_identify(miniretoS8) by extensions ['ros']
[13.850s] Level 1:colcon.colcon_core.package_identification:_identify(miniretoS8) by extension 'ros'
[13.854s] DEBUG:colcon.colcon_core.package_identification:Found ROS schema reference in package manifest in 'miniretoS8'
[13.854s] WARNING:colcon.colcon_core.package_identification:Failed to parse ROS package manifest in 'miniretoS8': Error(s) in package 'miniretoS8/package.xml':
Invalid email "Irvin Ornelas" for person "puzzlebot"
[13.855s] Level 1:colcon.colcon_core.package_identification:_identify(miniretoS8) by extensions ['cmake', 'python']
[13.855s] Level 1:colcon.colcon_core.package_identification:_identify(miniretoS8) by extension 'cmake'
[13.855s] Level 1:colcon.colcon_core.package_identification:_identify(miniretoS8) by extension 'python'
[13.855s] DEBUG:colcon.colcon_core.package_identification:Python package in 'miniretoS8' passes arguments to the setup() function which requires a different identification extension than 'python'
[13.856s] Level 1:colcon.colcon_core.package_identification:_identify(miniretoS8) by extensions ['python_setup_py']
[13.856s] Level 1:colcon.colcon_core.package_identification:_identify(miniretoS8) by extension 'python_setup_py'
[15.028s] DEBUG:colcon.colcon_core.package_identification:Package 'miniretoS8' with type 'python' and name 'miniretoS8'
[15.028s] Level 1:colcon.colcon_core.package_identification:_identify(puzzlebot_msgs) by extensions ['ignore', 'ignore_ament_install']
[15.029s] Level 1:colcon.colcon_core.package_identification:_identify(puzzlebot_msgs) by extension 'ignore'
[15.029s] Level 1:colcon.colcon_core.package_identification:_identify(puzzlebot_msgs) by extension 'ignore_ament_install'
[15.029s] Level 1:colcon.colcon_core.package_identification:_identify(puzzlebot_msgs) by extensions ['colcon_pkg']
[15.030s] Level 1:colcon.colcon_core.package_identification:_identify(puzzlebot_msgs) by extension 'colcon_pkg'
[15.030s] Level 1:colcon.colcon_core.package_identification:_identify(puzzlebot_msgs) by extensions ['colcon_meta']
[15.030s] Level 1:colcon.colcon_core.package_identification:_identify(puzzlebot_msgs) by extension 'colcon_meta'
[15.030s] Level 1:colcon.colcon_core.package_identification:_identify(puzzlebot_msgs) by extensions ['ros']
[15.030s] Level 1:colcon.colcon_core.package_identification:_identify(puzzlebot_msgs) by extension 'ros'
[15.035s] DEBUG:colcon.colcon_core.package_identification:Package 'puzzlebot_msgs' with type 'ros.ament_cmake' and name 'puzzlebot_msgs'
[15.035s] Level 1:colcon.colcon_core.package_identification:_identify(puzzlebot_ros) by extensions ['ignore', 'ignore_ament_install']
[15.036s] Level 1:colcon.colcon_core.package_identification:_identify(puzzlebot_ros) by extension 'ignore'
[15.036s] Level 1:colcon.colcon_core.package_identification:_identify(puzzlebot_ros) by extension 'ignore_ament_install'
[15.036s] Level 1:colcon.colcon_core.package_identification:_identify(puzzlebot_ros) by extensions ['colcon_pkg']
[15.036s] Level 1:colcon.colcon_core.package_identification:_identify(puzzlebot_ros) by extension 'colcon_pkg'
[15.036s] Level 1:colcon.colcon_core.package_identification:_identify(puzzlebot_ros) by extensions ['colcon_meta']
[15.036s] Level 1:colcon.colcon_core.package_identification:_identify(puzzlebot_ros) by extension 'colcon_meta'
[15.037s] Level 1:colcon.colcon_core.package_identification:_identify(puzzlebot_ros) by extensions ['ros']
[15.037s] Level 1:colcon.colcon_core.package_identification:_identify(puzzlebot_ros) by extension 'ros'
[15.040s] DEBUG:colcon.colcon_core.package_identification:Package 'puzzlebot_ros' with type 'ros.ament_python' and name 'puzzlebot_ros'
[15.040s] Level 1:colcon.colcon_core.package_discovery:discover_packages(recursive) using defaults
[15.040s] Level 1:colcon.colcon_core.package_discovery:discover_packages(ignore) discover
[15.040s] Level 1:colcon.colcon_core.package_discovery:discover_packages(ignore) using defaults
[15.041s] Level 1:colcon.colcon_core.package_discovery:discover_packages(path) discover
[15.041s] Level 1:colcon.colcon_core.package_discovery:discover_packages(path) using defaults
[15.750s] INFO:colcon.colcon_core.package_selection:Skipping not selected package 'grabacionpista' in 'grabacionpista'
[15.751s] INFO:colcon.colcon_core.package_selection:Skipping not selected package 'minireto3' in 'minireto3'
[15.751s] INFO:colcon.colcon_core.package_selection:Skipping not selected package 'minireto4' in 'minireto4'
[15.751s] INFO:colcon.colcon_core.package_selection:Skipping not selected package 'miniretoS6' in 'miniretoS6'
[15.751s] INFO:colcon.colcon_core.package_selection:Skipping not selected package 'miniretoS7' in 'miniretoS7'
[15.751s] INFO:colcon.colcon_core.package_selection:Skipping not selected package 'puzzlebot_msgs' in 'puzzlebot_msgs'
[15.751s] INFO:colcon.colcon_core.package_selection:Skipping not selected package 'puzzlebot_ros' in 'puzzlebot_ros'
[16.161s] Level 1:colcon.colcon_core.package_discovery:discover_packages(prefix_path) check parameters
[16.161s] Level 1:colcon.colcon_core.package_discovery:discover_packages(prefix_path) discover
[16.634s] DEBUG:colcon.colcon_installed_package_information.package_discovery:Found 7 installed packages in /home/puzzlebot/ros2_ws/install
[16.840s] DEBUG:colcon.colcon_installed_package_information.package_discovery:Found 5 installed packages in /home/puzzlebot/ros2_packages_ws/install
[17.048s] DEBUG:colcon.colcon_installed_package_information.package_discovery:Found 276 installed packages in /opt/ros/humble
[17.057s] Level 1:colcon.colcon_core.package_discovery:discover_packages(prefix_path) using defaults
[17.924s] Level 5:colcon.colcon_core.verb:set package 'miniretoS8' build argument 'cmake_args' from command line to 'None'
[17.925s] Level 5:colcon.colcon_core.verb:set package 'miniretoS8' build argument 'cmake_target' from command line to 'None'
[17.925s] Level 5:colcon.colcon_core.verb:set package 'miniretoS8' build argument 'cmake_target_skip_unavailable' from command line to 'False'
[17.925s] Level 5:colcon.colcon_core.verb:set package 'miniretoS8' build argument 'cmake_clean_cache' from command line to 'False'
[17.925s] Level 5:colcon.colcon_core.verb:set package 'miniretoS8' build argument 'cmake_clean_first' from command line to 'False'
[17.925s] Level 5:colcon.colcon_core.verb:set package 'miniretoS8' build argument 'cmake_force_configure' from command line to 'False'
[17.925s] Level 5:colcon.colcon_core.verb:set package 'miniretoS8' build argument 'ament_cmake_args' from command line to 'None'
[17.926s] Level 5:colcon.colcon_core.verb:set package 'miniretoS8' build argument 'catkin_cmake_args' from command line to 'None'
[17.926s] Level 5:colcon.colcon_core.verb:set package 'miniretoS8' build argument 'catkin_skip_building_tests' from command line to 'False'
[17.926s] DEBUG:colcon.colcon_core.verb:Building package 'miniretoS8' with the following arguments: {'ament_cmake_args': None, 'build_base': '/home/puzzlebot/ros2_ws/src/build/miniretoS8', 'catkin_cmake_args': None, 'catkin_skip_building_tests': False, 'cmake_args': None, 'cmake_clean_cache': False, 'cmake_clean_first': False, 'cmake_force_configure': False, 'cmake_target': None, 'cmake_target_skip_unavailable': False, 'install_base': '/home/puzzlebot/ros2_ws/src/install/miniretoS8', 'merge_install': False, 'path': '/home/puzzlebot/ros2_ws/src/miniretoS8', 'symlink_install': False, 'test_result_base': None}
[18.125s] INFO:colcon.colcon_core.executor:Executing jobs using 'parallel' executor
[18.329s] DEBUG:colcon.colcon_parallel_executor.executor.parallel:run_until_complete
[18.330s] INFO:colcon.colcon_core.task.python.build:Building Python package in '/home/puzzlebot/ros2_ws/src/miniretoS8'
[18.612s] INFO:colcon.colcon_core.plugin_system:Skipping extension 'colcon_core.shell.bat': Not used on non-Windows systems
[18.613s] INFO:colcon.colcon_core.shell:Skip shell extension 'powershell' for command environment: Not usable outside of PowerShell
[18.613s] DEBUG:colcon.colcon_core.shell:Skip shell extension 'dsv' for command environment
[22.880s] DEBUG:colcon.colcon_core.event_handler.log_command:Invoking command in '/home/puzzlebot/ros2_ws/src/miniretoS8': PYTHONPATH=/home/puzzlebot/ros2_ws/src/build/miniretoS8/prefix_override:/home/puzzlebot/ros2_ws/src/install/miniretoS8/lib/python3.8/site-packages:${PYTHONPATH} /usr/bin/python3 setup.py egg_info --egg-base ../build/miniretoS8 build --build-base /home/puzzlebot/ros2_ws/src/build/miniretoS8/build install --record /home/puzzlebot/ros2_ws/src/build/miniretoS8/install.log --single-version-externally-managed
[24.729s] DEBUG:colcon.colcon_core.event_handler.log_command:Invoked command in '/home/puzzlebot/ros2_ws/src/miniretoS8' returned '0': PYTHONPATH=/home/puzzlebot/ros2_ws/src/build/miniretoS8/prefix_override:/home/puzzlebot/ros2_ws/src/install/miniretoS8/lib/python3.8/site-packages:${PYTHONPATH} /usr/bin/python3 setup.py egg_info --egg-base ../build/miniretoS8 build --build-base /home/puzzlebot/ros2_ws/src/build/miniretoS8/build install --record /home/puzzlebot/ros2_ws/src/build/miniretoS8/install.log --single-version-externally-managed
[25.142s] Level 1:colcon.colcon_core.environment:checking '/home/puzzlebot/ros2_ws/src/install/miniretoS8' for CMake module files
[25.144s] Level 1:colcon.colcon_core.environment:checking '/home/puzzlebot/ros2_ws/src/install/miniretoS8' for CMake config files
[25.148s] Level 1:colcon.colcon_core.environment:checking '/home/puzzlebot/ros2_ws/src/install/miniretoS8/lib'
[25.148s] Level 1:colcon.colcon_core.environment:checking '/home/puzzlebot/ros2_ws/src/install/miniretoS8/bin'
[25.149s] Level 1:colcon.colcon_core.environment:checking '/home/puzzlebot/ros2_ws/src/install/miniretoS8/lib/pkgconfig/miniretoS8.pc'
[25.160s] Level 1:colcon.colcon_core.environment:checking '/home/puzzlebot/ros2_ws/src/install/miniretoS8/lib/python3.8/site-packages'
[25.160s] Level 1:colcon.colcon_core.shell:create_environment_hook('miniretoS8', 'pythonpath')
[25.486s] INFO:colcon.colcon_core.shell:Creating environment hook '/home/puzzlebot/ros2_ws/src/install/miniretoS8/share/miniretoS8/hook/pythonpath.ps1'
[25.492s] INFO:colcon.colcon_core.shell:Creating environment descriptor '/home/puzzlebot/ros2_ws/src/install/miniretoS8/share/miniretoS8/hook/pythonpath.dsv'
[25.495s] INFO:colcon.colcon_core.shell:Creating environment hook '/home/puzzlebot/ros2_ws/src/install/miniretoS8/share/miniretoS8/hook/pythonpath.sh'
[25.500s] Level 1:colcon.colcon_core.environment:checking '/home/puzzlebot/ros2_ws/src/install/miniretoS8/bin'
[25.500s] Level 1:colcon.colcon_core.environment:create_environment_scripts_only(miniretoS8)
[25.847s] INFO:colcon.colcon_core.shell:Creating package script '/home/puzzlebot/ros2_ws/src/install/miniretoS8/share/miniretoS8/package.ps1'
[25.854s] INFO:colcon.colcon_core.shell:Creating package descriptor '/home/puzzlebot/ros2_ws/src/install/miniretoS8/share/miniretoS8/package.dsv'
[25.858s] INFO:colcon.colcon_core.shell:Creating package script '/home/puzzlebot/ros2_ws/src/install/miniretoS8/share/miniretoS8/package.sh'
[25.862s] INFO:colcon.colcon_core.shell:Creating package script '/home/puzzlebot/ros2_ws/src/install/miniretoS8/share/miniretoS8/package.bash'
[25.867s] INFO:colcon.colcon_core.shell:Creating package script '/home/puzzlebot/ros2_ws/src/install/miniretoS8/share/miniretoS8/package.zsh'
[25.871s] Level 1:colcon.colcon_core.environment:create_file_with_runtime_dependencies(/home/puzzlebot/ros2_ws/src/install/miniretoS8/share/colcon-core/packages/miniretoS8)
[25.877s] DEBUG:colcon.colcon_parallel_executor.executor.parallel:closing loop
[25.878s] DEBUG:colcon.colcon_parallel_executor.executor.parallel:loop closed
[25.878s] DEBUG:colcon.colcon_parallel_executor.executor.parallel:run_until_complete finished with '0'
[25.878s] DEBUG:colcon.colcon_core.event_reactor:joining thread
[26.423s] INFO:colcon.colcon_core.plugin_system:Skipping extension 'colcon_notification.desktop_notification.terminal_notifier': Not used on non-Darwin systems
[26.430s] INFO:colcon.colcon_core.plugin_system:Skipping extension 'colcon_notification.desktop_notification.win32': Not used on non-Windows systems
[26.431s] INFO:colcon.colcon_notification.desktop_notification:Sending desktop notification using 'notify2'
[26.578s] DEBUG:colcon.colcon_core.event_reactor:joined thread
[26.999s] INFO:colcon.colcon_core.shell:Creating prefix script '/home/puzzlebot/ros2_ws/src/install/local_setup.ps1'
[27.005s] INFO:colcon.colcon_core.shell:Creating prefix util module '/home/puzzlebot/ros2_ws/src/install/_local_setup_util_ps1.py'
[27.012s] INFO:colcon.colcon_core.shell:Creating prefix chain script '/home/puzzlebot/ros2_ws/src/install/setup.ps1'
[27.319s] INFO:colcon.colcon_core.shell:Creating prefix script '/home/puzzlebot/ros2_ws/src/install/local_setup.sh'
[27.332s] INFO:colcon.colcon_core.shell:Creating prefix util module '/home/puzzlebot/ros2_ws/src/install/_local_setup_util_sh.py'
[27.336s] INFO:colcon.colcon_core.shell:Creating prefix chain script '/home/puzzlebot/ros2_ws/src/install/setup.sh'
[27.657s] INFO:colcon.colcon_core.shell:Creating prefix script '/home/puzzlebot/ros2_ws/src/install/local_setup.bash'
[27.660s] INFO:colcon.colcon_core.shell:Creating prefix chain script '/home/puzzlebot/ros2_ws/src/install/setup.bash'
[27.976s] INFO:colcon.colcon_core.shell:Creating prefix script '/home/puzzlebot/ros2_ws/src/install/local_setup.zsh'
[27.988s] INFO:colcon.colcon_core.shell:Creating prefix chain script '/home/puzzlebot/ros2_ws/src/install/setup.zsh'
