running egg_info
creating ../build/miniretoS8/miniretoS8.egg-info
writing ../build/miniretoS8/miniretoS8.egg-info/PKG-INFO
writing dependency_links to ../build/miniretoS8/miniretoS8.egg-info/dependency_links.txt
writing entry points to ../build/miniretoS8/miniretoS8.egg-info/entry_points.txt
writing requirements to ../build/miniretoS8/miniretoS8.egg-info/requires.txt
writing top-level names to ../build/miniretoS8/miniretoS8.egg-info/top_level.txt
writing manifest file '../build/miniretoS8/miniretoS8.egg-info/SOURCES.txt'
reading manifest file '../build/miniretoS8/miniretoS8.egg-info/SOURCES.txt'
writing manifest file '../build/miniretoS8/miniretoS8.egg-info/SOURCES.txt'
running build
running build_py
creating /home/puzzlebot/ros2_ws/src/build/miniretoS8/build
creating /home/puzzlebot/ros2_ws/src/build/miniretoS8/build/lib
creating /home/puzzlebot/ros2_ws/src/build/miniretoS8/build/lib/miniretoS8
copying miniretoS8/__init__.py -> /home/puzzlebot/ros2_ws/src/build/miniretoS8/build/lib/miniretoS8
running install
running install_lib
creating /home/puzzlebot/ros2_ws/src/install/miniretoS8/lib/python3.8/site-packages/miniretoS8
copying /home/puzzlebot/ros2_ws/src/build/miniretoS8/build/lib/miniretoS8/__init__.py -> /home/puzzlebot/ros2_ws/src/install/miniretoS8/lib/python3.8/site-packages/miniretoS8
byte-compiling /home/puzzlebot/ros2_ws/src/install/miniretoS8/lib/python3.8/site-packages/miniretoS8/__init__.py to __init__.cpython-38.pyc
running install_data
creating /home/puzzlebot/ros2_ws/src/install/miniretoS8/share
creating /home/puzzlebot/ros2_ws/src/install/miniretoS8/share/ament_index
creating /home/puzzlebot/ros2_ws/src/install/miniretoS8/share/ament_index/resource_index
creating /home/puzzlebot/ros2_ws/src/install/miniretoS8/share/ament_index/resource_index/packages
copying resource/miniretoS8 -> /home/puzzlebot/ros2_ws/src/install/miniretoS8/share/ament_index/resource_index/packages
creating /home/puzzlebot/ros2_ws/src/install/miniretoS8/share/miniretoS8
copying package.xml -> /home/puzzlebot/ros2_ws/src/install/miniretoS8/share/miniretoS8
running install_egg_info
Copying ../build/miniretoS8/miniretoS8.egg-info to /home/puzzlebot/ros2_ws/src/install/miniretoS8/lib/python3.8/site-packages/miniretoS8-0.0.0-py3.8.egg-info
running install_scripts
writing list of installed files to '/home/puzzlebot/ros2_ws/src/build/miniretoS8/install.log'
