/home/puzzlebot/ros2_ws/src/install/miniretoS8/lib/python3.8/site-packages/miniretoS8/camera_node.py
/home/puzzlebot/ros2_ws/src/install/miniretoS8/lib/python3.8/site-packages/miniretoS8/__init__.py
/home/puzzlebot/ros2_ws/src/install/miniretoS8/lib/python3.8/site-packages/miniretoS8/simple_camera.py
/home/puzzlebot/ros2_ws/src/install/miniretoS8/lib/python3.8/site-packages/miniretoS8/line_detector.py
/home/puzzlebot/ros2_ws/src/install/miniretoS8/lib/python3.8/site-packages/miniretoS8/yolo.py
/home/puzzlebot/ros2_ws/src/install/miniretoS8/lib/python3.8/site-packages/miniretoS8/line_follower_node.py
/home/puzzlebot/ros2_ws/src/install/miniretoS8/lib/python3.8/site-packages/miniretoS8/traffic_light_node.py
/home/puzzlebot/ros2_ws/src/install/miniretoS8/lib/python3.8/site-packages/miniretoS8/processor_node.py
/home/puzzlebot/ros2_ws/src/install/miniretoS8/lib/python3.8/site-packages/miniretoS8/__pycache__/camera_node.cpython-38.pyc
/home/puzzlebot/ros2_ws/src/install/miniretoS8/lib/python3.8/site-packages/miniretoS8/__pycache__/__init__.cpython-38.pyc
/home/puzzlebot/ros2_ws/src/install/miniretoS8/lib/python3.8/site-packages/miniretoS8/__pycache__/simple_camera.cpython-38.pyc
/home/puzzlebot/ros2_ws/src/install/miniretoS8/lib/python3.8/site-packages/miniretoS8/__pycache__/line_detector.cpython-38.pyc
/home/puzzlebot/ros2_ws/src/install/miniretoS8/lib/python3.8/site-packages/miniretoS8/__pycache__/yolo.cpython-38.pyc
/home/puzzlebot/ros2_ws/src/install/miniretoS8/lib/python3.8/site-packages/miniretoS8/__pycache__/line_follower_node.cpython-38.pyc
/home/puzzlebot/ros2_ws/src/install/miniretoS8/lib/python3.8/site-packages/miniretoS8/__pycache__/traffic_light_node.cpython-38.pyc
/home/puzzlebot/ros2_ws/src/install/miniretoS8/lib/python3.8/site-packages/miniretoS8/__pycache__/processor_node.cpython-38.pyc
/home/puzzlebot/ros2_ws/src/install/miniretoS8/share/ament_index/resource_index/packages/miniretoS8
/home/puzzlebot/ros2_ws/src/install/miniretoS8/share/miniretoS8/package.xml
/home/puzzlebot/ros2_ws/src/install/miniretoS8/lib/python3.8/site-packages/miniretoS8-0.0.0-py3.8.egg-info/top_level.txt
/home/puzzlebot/ros2_ws/src/install/miniretoS8/lib/python3.8/site-packages/miniretoS8-0.0.0-py3.8.egg-info/requires.txt
/home/puzzlebot/ros2_ws/src/install/miniretoS8/lib/python3.8/site-packages/miniretoS8-0.0.0-py3.8.egg-info/PKG-INFO
/home/puzzlebot/ros2_ws/src/install/miniretoS8/lib/python3.8/site-packages/miniretoS8-0.0.0-py3.8.egg-info/entry_points.txt
/home/puzzlebot/ros2_ws/src/install/miniretoS8/lib/python3.8/site-packages/miniretoS8-0.0.0-py3.8.egg-info/zip-safe
/home/puzzlebot/ros2_ws/src/install/miniretoS8/lib/python3.8/site-packages/miniretoS8-0.0.0-py3.8.egg-info/SOURCES.txt
/home/puzzlebot/ros2_ws/src/install/miniretoS8/lib/python3.8/site-packages/miniretoS8-0.0.0-py3.8.egg-info/dependency_links.txt
/home/puzzlebot/ros2_ws/src/install/miniretoS8/lib/miniretoS8/camera_node
/home/puzzlebot/ros2_ws/src/install/miniretoS8/lib/miniretoS8/line_follower_node
/home/puzzlebot/ros2_ws/src/install/miniretoS8/lib/miniretoS8/processor_node
/home/puzzlebot/ros2_ws/src/install/miniretoS8/lib/miniretoS8/traffic_light_node
